# JRE version: OpenJDK Runtime Environment Temurin-21.0.10+7 (21.0.10+7) (build 21.0.10+7-LTS)
# Java VM: OpenJDK 64-Bit Server VM Temurin-21.0.10+7 (21.0.10+7-LTS, mixed mode, sharing, tiered, compressed oops, compressed class ptrs, parallel gc, windows-amd64)
GC Precious Log:
 CardTable entry size: 512
 CPUs: 4 total, 4 available
 Memory: 16287M
 Large Page Support: Disabled
 NUMA Support: Disabled
 Compressed Oops: Enabled (32-bit)
 Alignments: Space 512K, Generation 512K, Heap 2M
 Heap Min Capacity: 100M
 Heap Initial Capacity: 100M
 Heap Max Capacity: 2G
 Pre-touch: Disabled
 Parallel Workers: 4
Heap:
 PSYoungGen      total 12800K, used 6436K [0x00000000d5580000, 0x00000000d6380000, 0x0000000100000000)
  eden space 11776K, 51% used [0x00000000d5580000,0x00000000d5b65c90,0x00000000d6100000)
  from space 1024K, 38% used [0x00000000d6180000,0x00000000d61e3428,0x00000000d6280000)
  to   space 512K, 0% used [0x00000000d6300000,0x00000000d6300000,0x00000000d6380000)
 ParOldGen       total 75776K, used 75589K [0x0000000080000000, 0x0000000084a00000, 0x00000000d5580000)
  object space 75776K, 99% used [0x0000000080000000,0x00000000849d1530,0x0000000084a00000)
 Metaspace       used 26557K, committed 27648K, reserved 1114112K
  class space    used 2274K, committed 2752K, reserved 1048576K
GC Heap History (20 events):
Event: 28407.813 GC heap before
{Heap before GC invocations=57 (full 1):
 PSYoungGen      total 12288K, used 12177K [0x00000000d5580000, 0x00000000d6580000, 0x0000000100000000)
  eden space 11776K, 100% used [0x00000000d5580000,0x00000000d6100000,0x00000000d6100000)
  from space 512K, 78% used [0x00000000d6100000,0x00000000d61645c8,0x00000000d6180000)
  to   space 1536K, 0% used [0x00000000d6400000,0x00000000d6400000,0x00000000d6580000)
 ParOldGen       total 71168K, used 70890K [0x0000000080000000, 0x0000000084580000, 0x00000000d5580000)
  object space 71168K, 99% used [0x0000000080000000,0x000000008453aa98,0x0000000084580000)
 Metaspace       used 25662K, committed 26688K, reserved 1114112K
  class space    used 2188K, committed 2560K, reserved 1048576K
}
Event: 28407.815 GC heap after
{Heap after GC invocations=57 (full 1):
 PSYoungGen      total 12288K, used 272K [0x00000000d5580000, 0x00000000d6480000, 0x0000000100000000)
  eden space 11776K, 0% used [0x00000000d5580000,0x00000000d5580000,0x00000000d6100000)
  from space 512K, 53% used [0x00000000d6400000,0x00000000d6444010,0x00000000d6480000)
  to   space 512K, 0% used [0x00000000d6100000,0x00000000d6100000,0x00000000d6180000)
 ParOldGen       total 71680K, used 71196K [0x0000000080000000, 0x0000000084600000, 0x00000000d5580000)
  object space 71680K, 99% used [0x0000000080000000,0x0000000084587070,0x0000000084600000)
 Metaspace       used 25662K, committed 26688K, reserved 1114112K
  class space    used 2188K, committed 2560K, reserved 1048576K
}
Event: 28411.132 GC heap before
{Heap before GC invocations=58 (full 1):
 PSYoungGen      total 12288K, used 12046K [0x00000000d5580000, 0x00000000d6480000, 0x0000000100000000)
  eden space 11776K, 99% used [0x00000000d5580000,0x00000000d60ff8a0,0x00000000d6100000)
  from space 512K, 53% used [0x00000000d6400000,0x00000000d6444010,0x00000000d6480000)
  to   space 512K, 0% used [0x00000000d6100000,0x00000000d6100000,0x00000000d6180000)
 ParOldGen       total 71680K, used 71196K [0x0000000080000000, 0x0000000084600000, 0x00000000d5580000)
  object space 71680K, 99% used [0x0000000080000000,0x0000000084587070,0x0000000084600000)
 Metaspace       used 25821K, committed 26880K, reserved 1114112K
  class space    used 2225K, committed 2624K, reserved 1048576K
}
Event: 28411.135 GC heap after
{Heap after GC invocations=58 (full 1):
 PSYoungGen      total 12288K, used 512K [0x00000000d5580000, 0x00000000d6480000, 0x0000000100000000)
  eden space 11776K, 0% used [0x00000000d5580000,0x00000000d5580000,0x00000000d6100000)
  from space 512K, 100% used [0x00000000d6100000,0x00000000d6180000,0x00000000d6180000)
  to   space 1024K, 0% used [0x00000000d6380000,0x00000000d6380000,0x00000000d6480000)
 ParOldGen       total 71680K, used 71380K [0x0000000080000000, 0x0000000084600000, 0x00000000d5580000)
  object space 71680K, 99% used [0x0000000080000000,0x00000000845b50a0,0x0000000084600000)
 Metaspace       used 25821K, committed 26880K, reserved 1114112K
  class space    used 2225K, committed 2624K, reserved 1048576K
}
Event: 28422.810 GC heap before
{Heap before GC invocations=59 (full 1):
 PSYoungGen      total 12288K, used 12288K [0x00000000d5580000, 0x00000000d6480000, 0x0000000100000000)
  eden space 11776K, 100% used [0x00000000d5580000,0x00000000d6100000,0x00000000d6100000)
  from space 512K, 100% used [0x00000000d6100000,0x00000000d6180000,0x00000000d6180000)
  to   space 1024K, 0% used [0x00000000d6380000,0x00000000d6380000,0x00000000d6480000)
 ParOldGen       total 71680K, used 71380K [0x0000000080000000, 0x0000000084600000, 0x00000000d5580000)
  object space 71680K, 99% used [0x0000000080000000,0x00000000845b50a0,0x0000000084600000)
 Metaspace       used 25879K, committed 26880K, reserved 1114112K
  class space    used 2229K, committed 2624K, reserved 1048576K
}
Event: 28422.813 GC heap after
{Heap after GC invocations=59 (full 1):
 PSYoungGen      total 12288K, used 192K [0x00000000d5580000, 0x00000000d6400000, 0x0000000100000000)
  eden space 11776K, 0% used [0x00000000d5580000,0x00000000d5580000,0x00000000d6100000)
  from space 512K, 37% used [0x00000000d6380000,0x00000000d63b0000,0x00000000d6400000)
  to   space 512K, 0% used [0x00000000d6100000,0x00000000d6100000,0x00000000d6180000)
 ParOldGen       total 72192K, used 71812K [0x0000000080000000, 0x0000000084680000, 0x00000000d5580000)
  object space 72192K, 99% used [0x0000000080000000,0x00000000846210a0,0x0000000084680000)
 Metaspace       used 25879K, committed 26880K, reserved 1114112K
  class space    used 2229K, committed 2624K, reserved 1048576K
}
Event: 28422.973 GC heap before
{Heap before GC invocations=60 (full 1):
 PSYoungGen      total 12288K, used 11968K [0x00000000d5580000, 0x00000000d6400000, 0x0000000100000000)
  eden space 11776K, 100% used [0x00000000d5580000,0x00000000d6100000,0x00000000d6100000)
  from space 512K, 37% used [0x00000000d6380000,0x00000000d63b0000,0x00000000d6400000)
  to   space 512K, 0% used [0x00000000d6100000,0x00000000d6100000,0x00000000d6180000)
 ParOldGen       total 72192K, used 71812K [0x0000000080000000, 0x0000000084680000, 0x00000000d5580000)
  object space 72192K, 99% used [0x0000000080000000,0x00000000846210a0,0x0000000084680000)
 Metaspace       used 25934K, committed 26944K, reserved 1114112K
  class space    used 2229K, committed 2624K, reserved 1048576K
}
Event: 28422.976 GC heap after
{Heap after GC invocations=60 (full 1):
 PSYoungGen      total 12288K, used 269K [0x00000000d5580000, 0x00000000d6400000, 0x0000000100000000)
  eden space 11776K, 0% used [0x00000000d5580000,0x00000000d5580000,0x00000000d6100000)
  from space 512K, 52% used [0x00000000d6100000,0x00000000d6143408,0x00000000d6180000)
  to   space 512K, 0% used [0x00000000d6380000,0x00000000d6380000,0x00000000d6400000)
 ParOldGen       total 72192K, used 71948K [0x0000000080000000, 0x0000000084680000, 0x00000000d5580000)
  object space 72192K, 99% used [0x0000000080000000,0x00000000846430a0,0x0000000084680000)
 Metaspace       used 25934K, committed 26944K, reserved 1114112K
  class space    used 2229K, committed 2624K, reserved 1048576K
}
Event: 29042.426 GC heap before
{Heap before GC invocations=61 (full 1):
 PSYoungGen      total 12288K, used 12045K [0x00000000d5580000, 0x00000000d6400000, 0x0000000100000000)
  eden space 11776K, 100% used [0x00000000d5580000,0x00000000d6100000,0x00000000d6100000)
  from space 512K, 52% used [0x00000000d6100000,0x00000000d6143408,0x00000000d6180000)
  to   space 512K, 0% used [0x00000000d6380000,0x00000000d6380000,0x00000000d6400000)
 ParOldGen       total 72192K, used 71948K [0x0000000080000000, 0x0000000084680000, 0x00000000d5580000)
  object space 72192K, 99% used [0x0000000080000000,0x00000000846430a0,0x0000000084680000)
 Metaspace       used 25972K, committed 26944K, reserved 1114112K
  class space    used 2229K, committed 2624K, reserved 1048576K
}
Event: 29042.429 GC heap after
{Heap after GC invocations=61 (full 1):
 PSYoungGen      total 12288K, used 397K [0x00000000d5580000, 0x00000000d6400000, 0x0000000100000000)
  eden space 11776K, 0% used [0x00000000d5580000,0x00000000d5580000,0x00000000d6100000)
  from space 512K, 77% used [0x00000000d6380000,0x00000000d63e3428,0x00000000d6400000)
  to   space 512K, 0% used [0x00000000d6100000,0x00000000d6100000,0x00000000d6180000)
 ParOldGen       total 72192K, used 71980K [0x0000000080000000, 0x0000000084680000, 0x00000000d5580000)
  object space 72192K, 99% used [0x0000000080000000,0x000000008464b0a0,0x0000000084680000)
 Metaspace       used 25972K, committed 26944K, reserved 1114112K
  class space    used 2229K, committed 2624K, reserved 1048576K
}
Event: 29047.156 GC heap before
{Heap before GC invocations=62 (full 1):
 PSYoungGen      total 12288K, used 12173K [0x00000000d5580000, 0x00000000d6400000, 0x0000000100000000)
  eden space 11776K, 100% used [0x00000000d5580000,0x00000000d6100000,0x00000000d6100000)
  from space 512K, 77% used [0x00000000d6380000,0x00000000d63e3428,0x00000000d6400000)
  to   space 512K, 0% used [0x00000000d6100000,0x00000000d6100000,0x00000000d6180000)
 ParOldGen       total 72192K, used 71980K [0x0000000080000000, 0x0000000084680000, 0x00000000d5580000)
  object space 72192K, 99% used [0x0000000080000000,0x000000008464b0a0,0x0000000084680000)
 Metaspace       used 26072K, committed 27200K, reserved 1114112K
  class space    used 2235K, committed 2688K, reserved 1048576K
}
Event: 29047.158 GC heap after
{Heap after GC invocations=62 (full 1):
 PSYoungGen      total 12288K, used 128K [0x00000000d5580000, 0x00000000d6400000, 0x0000000100000000)
  eden space 11776K, 0% used [0x00000000d5580000,0x00000000d5580000,0x00000000d6100000)
  from space 512K, 25% used [0x00000000d6100000,0x00000000d6120000,0x00000000d6180000)
  to   space 512K, 0% used [0x00000000d6380000,0x00000000d6380000,0x00000000d6400000)
 ParOldGen       total 72192K, used 72100K [0x0000000080000000, 0x0000000084680000, 0x00000000d5580000)
  object space 72192K, 99% used [0x0000000080000000,0x00000000846690c0,0x0000000084680000)
 Metaspace       used 26072K, committed 27200K, reserved 1114112K
  class space    used 2235K, committed 2688K, reserved 1048576K
}
Event: 29048.064 GC heap before
{Heap before GC invocations=63 (full 1):
 PSYoungGen      total 12288K, used 11904K [0x00000000d5580000, 0x00000000d6400000, 0x0000000100000000)
  eden space 11776K, 100% used [0x00000000d5580000,0x00000000d6100000,0x00000000d6100000)
  from space 512K, 25% used [0x00000000d6100000,0x00000000d6120000,0x00000000d6180000)
  to   space 512K, 0% used [0x00000000d6380000,0x00000000d6380000,0x00000000d6400000)
 ParOldGen       total 72192K, used 72100K [0x0000000080000000, 0x0000000084680000, 0x00000000d5580000)
  object space 72192K, 99% used [0x0000000080000000,0x00000000846690c0,0x0000000084680000)
 Metaspace       used 26230K, committed 27392K, reserved 1114112K
  class space    used 2256K, committed 2752K, reserved 1048576K
}
Event: 29048.069 GC heap after
{Heap after GC invocations=63 (full 1):
 PSYoungGen      total 12288K, used 501K [0x00000000d5580000, 0x00000000d6600000, 0x0000000100000000)
  eden space 11776K, 0% used [0x00000000d5580000,0x00000000d5580000,0x00000000d6100000)
  from space 512K, 98% used [0x00000000d6380000,0x00000000d63fd790,0x00000000d6400000)
  to   space 2560K, 0% used [0x00000000d6100000,0x00000000d6100000,0x00000000d6380000)
 ParOldGen       total 74240K, used 73797K [0x0000000080000000, 0x0000000084880000, 0x00000000d5580000)
  object space 74240K, 99% used [0x0000000080000000,0x0000000084811580,0x0000000084880000)
 Metaspace       used 26230K, committed 27392K, reserved 1114112K
  class space    used 2256K, committed 2752K, reserved 1048576K
}
Event: 31177.679 GC heap before
{Heap before GC invocations=64 (full 1):
 PSYoungGen      total 12288K, used 12277K [0x00000000d5580000, 0x00000000d6600000, 0x0000000100000000)
  eden space 11776K, 99% used [0x00000000d5580000,0x00000000d60ffff0,0x00000000d6100000)
  from space 512K, 98% used [0x00000000d6380000,0x00000000d63fd790,0x00000000d6400000)
  to   space 2560K, 0% used [0x00000000d6100000,0x00000000d6100000,0x00000000d6380000)
 ParOldGen       total 74240K, used 73797K [0x0000000080000000, 0x0000000084880000, 0x00000000d5580000)
  object space 74240K, 99% used [0x0000000080000000,0x0000000084811580,0x0000000084880000)
 Metaspace       used 26455K, committed 27584K, reserved 1114112K
  class space    used 2274K, committed 2752K, reserved 1048576K
}
Event: 31177.694 GC heap after
{Heap after GC invocations=64 (full 1):
 PSYoungGen      total 13312K, used 1408K [0x00000000d5580000, 0x00000000d6500000, 0x0000000100000000)
  eden space 11776K, 0% used [0x00000000d5580000,0x00000000d5580000,0x00000000d6100000)
  from space 1536K, 91% used [0x00000000d6100000,0x00000000d6260020,0x00000000d6280000)
  to   space 2048K, 0% used [0x00000000d6300000,0x00000000d6300000,0x00000000d6500000)
 ParOldGen       total 74240K, used 74185K [0x0000000080000000, 0x0000000084880000, 0x00000000d5580000)
  object space 74240K, 99% used [0x0000000080000000,0x00000000848724f0,0x0000000084880000)
 Metaspace       used 26455K, committed 27584K, reserved 1114112K
  class space    used 2274K, committed 2752K, reserved 1048576K
}
Event: 35770.026 GC heap before
{Heap before GC invocations=65 (full 1):
 PSYoungGen      total 13312K, used 13184K [0x00000000d5580000, 0x00000000d6500000, 0x0000000100000000)
  eden space 11776K, 100% used [0x00000000d5580000,0x00000000d6100000,0x00000000d6100000)
  from space 1536K, 91% used [0x00000000d6100000,0x00000000d6260020,0x00000000d6280000)
  to   space 2048K, 0% used [0x00000000d6300000,0x00000000d6300000,0x00000000d6500000)
 ParOldGen       total 74240K, used 74185K [0x0000000080000000, 0x0000000084880000, 0x00000000d5580000)
  object space 74240K, 99% used [0x0000000080000000,0x00000000848724f0,0x0000000084880000)
 Metaspace       used 26498K, committed 27584K, reserved 1114112K
  class space    used 2274K, committed 2752K, reserved 1048576K
}
Event: 35770.042 GC heap after
{Heap after GC invocations=65 (full 1):
 PSYoungGen      total 12288K, used 128K [0x00000000d5580000, 0x00000000d6380000, 0x0000000100000000)
  eden space 11776K, 0% used [0x00000000d5580000,0x00000000d5580000,0x00000000d6100000)
  from space 512K, 25% used [0x00000000d6300000,0x00000000d6320000,0x00000000d6380000)
  to   space 1024K, 0% used [0x00000000d6180000,0x00000000d6180000,0x00000000d6280000)
 ParOldGen       total 75776K, used 75549K [0x0000000080000000, 0x0000000084a00000, 0x00000000d5580000)
  object space 75776K, 99% used [0x0000000080000000,0x00000000849c7530,0x0000000084a00000)
 Metaspace       used 26498K, committed 27584K, reserved 1114112K
  class space    used 2274K, committed 2752K, reserved 1048576K
}
Event: 35770.259 GC heap before
{Heap before GC invocations=66 (full 1):
 PSYoungGen      total 12288K, used 11904K [0x00000000d5580000, 0x00000000d6380000, 0x0000000100000000)
  eden space 11776K, 100% used [0x00000000d5580000,0x00000000d6100000,0x00000000d6100000)
  from space 512K, 25% used [0x00000000d6300000,0x00000000d6320000,0x00000000d6380000)
  to   space 1024K, 0% used [0x00000000d6180000,0x00000000d6180000,0x00000000d6280000)
 ParOldGen       total 75776K, used 75549K [0x0000000080000000, 0x0000000084a00000, 0x00000000d5580000)
  object space 75776K, 99% used [0x0000000080000000,0x00000000849c7530,0x0000000084a00000)
 Metaspace       used 26527K, committed 27648K, reserved 1114112K
  class space    used 2274K, committed 2752K, reserved 1048576K
}
Event: 35770.262 GC heap after
{Heap after GC invocations=66 (full 1):
 PSYoungGen      total 12800K, used 397K [0x00000000d5580000, 0x00000000d6380000, 0x0000000100000000)
  eden space 11776K, 0% used [0x00000000d5580000,0x00000000d5580000,0x00000000d6100000)
  from space 1024K, 38% used [0x00000000d6180000,0x00000000d61e3428,0x00000000d6280000)
  to   space 512K, 0% used [0x00000000d6300000,0x00000000d6300000,0x00000000d6380000)
 ParOldGen       total 75776K, used 75589K [0x0000000080000000, 0x0000000084a00000, 0x00000000d5580000)
  object space 75776K, 99% used [0x0000000080000000,0x00000000849d1530,0x0000000084a00000)
 Metaspace       used 26527K, committed 27648K, reserved 1114112K
  class space    used 2274K, committed 2752K, reserved 1048576K
}

